Arguments: 
  C:\Program Files\nodejs\node.exe C:\Program Files (x86)\Yarn\bin\yarn.js add eslint eslint-loader eslint-friendly-formatter -D

PATH: 
  C:\Program Files (x86)\cmder\bin;C:\Program Files (x86)\cmder\vendor\conemu-maximus5\ConEmu\Scripts;C:\Program Files (x86)\cmder\vendor\conemu-maximus5;C:\Program Files (x86)\cmder\vendor\conemu-maximus5\ConEmu;C:\WINDOWS\system32;C:\WINDOWS;C:\WINDOWS\System32\Wbem;C:\WINDOWS\System32\WindowsPowerShell\v1.0\;C:\WINDOWS\System32\OpenSSH\;C:\Program Files\Git\cmd;C:\Users\tangwenping\AppData\Roaming\nvm;C:\Program Files\nodejs;C:\Program Files (x86)\Yarn\bin\;C:\Users\tangwenping\AppData\Local\Programs\Python\Python37\Scripts\;C:\Users\tangwenping\AppData\Local\Programs\Python\Python37\;C:\Users\tangwenping\AppData\Local\Microsoft\WindowsApps;C:\Users\tangwenping\AppData\Local\Programs\Microsoft VS Code\bin;C:\Users\tangwenping\AppData\Roaming\nvm;C:\Program Files\nodejs;C:\Users\tangwenping\AppData\Local\Yarn\bin;C:\Program Files\Git\usr\bin;C:\Program Files\Git\usr\share\vim\vim74;C:\Program Files (x86)\cmder\

Yarn version: 
  1.13.0

Node version: 
  11.4.0

Platform: 
  win32 x64

Trace: 
  Error: ENOENT: no such file or directory, copyfile 'C:\Users\tangwenping\AppData\Local\Yarn\Cache\v4\npm-ansi-styles-2.2.1-b432dd3358b634cf75e1e4664368240533c1ddbe\node_modules\ansi-styles\index.js' -> 'C:\test\wenping-vue-cli\node_modules\node-sass\node_modules\ansi-styles\index.js'

npm manifest: 
  {
    "name": "wenping-vue-cli",
    "version": "1.0.0",
    "description": "custom vue-cli by tangwenping",
    "main": "index.js",
    "scripts": {
      "start": "cross-env BUILD_ENV=dev webpack-dev-server --config config/webpack.config.dev.js",
      "build": "cross-env BUILD_ENV=pro webpack --config config/webpack.config.pro.js"
    },
    "author": "tovinping",
    "license": "MIT",
    "devDependencies": {
      "@babel/core": "^7.3.3",
      "@babel/plugin-proposal-decorators": "^7.3.0",
      "@babel/preset-env": "^7.3.1",
      "autoprefixer": "^9.5.0",
      "babel-loader": "^8.0.5",
      "babel-plugin-syntax-dynamic-import": "^6.18.0",
      "clean-webpack-plugin": "^2.0.1",
      "cross-env": "^5.2.0",
      "css-loader": "^2.1.1",
      "file-loader": "^3.0.1",
      "html-webpack-plugin": "^3.2.0",
      "mini-css-extract-plugin": "^0.5.0",
      "node-sass": "^4.12.0",
      "postcss-loader": "^3.0.0",
      "purgecss-webpack-plugin": "^1.5.0",
      "sass-loader": "^7.1.0",
      "style-loader": "^0.23.1",
      "url-loader": "^1.1.2",
      "vue-loader": "^15.7.0",
      "vue-style-loader": "^4.1.2",
      "vue-template-compiler": "^2.6.10",
      "webpack": "^4.33.0",
      "webpack-cli": "^3.3.3",
      "webpack-dev-server": "^3.2.0",
      "webpack-merge": "^4.2.1"
    },
    "dependencies": {
      "axios": "^0.19.0",
      "vue": "^2.6.10",
      "vue-awesome-swiper": "^3.1.3",
      "vue-router": "^3.0.6",
      "vuex": "^3.1.1"
    }
  }

yarn manifest: 
  No manifest

Lockfile: 
  No lockfile
